<?xml version="1.0" encoding="UTF-8"?>
<testng-results skipped="0" failed="0" ignored="0" total="1" passed="1">
  <reporter-output>
  </reporter-output>
  <suite name="Default suite" duration-ms="74" started-at="2020-02-09T17:44:15Z" finished-at="2020-02-09T17:44:15Z">
    <groups>
    </groups>
    <test name="Default test" duration-ms="74" started-at="2020-02-09T17:44:15Z" finished-at="2020-02-09T17:44:15Z">
      <class name="com.maven.suitea.TC_001">
        <test-method status="PASS" signature="startprocess()[pri:0, instance:com.maven.suitea.TC_001@66a3ffec]" name="startprocess" is-config="true" duration-ms="21" started-at="2020-02-09T17:44:15Z" finished-at="2020-02-09T17:44:15Z">
          <reporter-output>
          </reporter-output>
        </test-method> <!-- startprocess -->
        <test-method status="PASS" signature="amazon()[pri:0, instance:com.maven.suitea.TC_001@66a3ffec]" name="amazon" duration-ms="8" started-at="2020-02-09T17:44:15Z" finished-at="2020-02-09T17:44:15Z">
          <reporter-output>
          </reporter-output>
        </test-method> <!-- amazon -->
      </class> <!-- com.maven.suitea.TC_001 -->
    </test> <!-- Default test -->
  </suite> <!-- Default suite -->
</testng-results>
